<?xml version="1.0" encoding="UTF-8"?>
<!-- Generated by org.testng.reporters.JUnitReportReporter -->
<testsuite hostname="DESKTOP" failures="0" tests="4" name="TestPackage.Basics3" time="0.008" errors="0" timestamp="2020-07-25T18:29:36 EDT" skipped="0">
  <testcase classname="TestPackage.Basics3" name="webloginCarLoan" time="0.002"/>
  <system-out/>
  <testcase classname="TestPackage.Basics3" name="MobileLoginCarLoan" time="0.002"/>
  <system-out/>
  <testcase classname="TestPackage.Basics3" name="loginApi" time="0.002"/>
  <system-out/>
  <testcase classname="TestPackage.Basics3" name="MobileLoginCarLoan2" time="0.002"/>
  <system-out/>
</testsuite> <!-- TestPackage.Basics3 -->
