<?xml version="1.0" encoding="UTF-8"?>
<!-- Generated by org.testng.reporters.JUnitReportReporter -->
<testsuite hostname="DESKTOP" failures="0" tests="1" name="TestPackage.BasicsTestNG2" time="0.001" errors="0" timestamp="2020-07-25T18:29:36 EDT" skipped="0">
  <testcase classname="TestPackage.BasicsTestNG2" name="test2" time="0.001"/>
  <system-out/>
</testsuite> <!-- TestPackage.BasicsTestNG2 -->
